\BOOKMARK [1][-]{section*.1}{\376\377\000A\000b\000s\000t\000r\000a\000c\000t}{}% 1
\BOOKMARK [1][-]{section.1}{\376\377\0001\000\040\000I\000n\000t\000r\000o\000d\000u\000c\000t\000i\000o\000n}{}% 2
\BOOKMARK [2][-]{subsection.1.1}{\376\377\0001\000.\0001\000\040\000P\000r\000e\000s\000e\000r\000v\000i\000n\000g\000\040\000A\000g\000e\000n\000c\000y\000\040\000u\000s\000i\000n\000g\000\040\000B\000r\000a\000i\000n\000\040\000S\000i\000g\000n\000a\000l\000s\000\040\000o\000f\000\040\000t\000h\000e\000\040\000I\000n\000t\000e\000n\000t\000\040\000t\000o\000\040\000\050\000I\000n\000t\000e\000r\000-\000\051\000\040\000a\000c\000t}{section.1}% 3
\BOOKMARK [1][-]{section.2}{\376\377\0002\000\040\000R\000e\000l\000a\000t\000e\000d\000\040\000W\000o\000r\000k}{}% 4
\BOOKMARK [2][-]{subsection.2.1}{\376\377\0002\000.\0001\000\040\000T\000h\000e\000o\000r\000i\000e\000s\000\040\000o\000f\000\040\000S\000e\000n\000s\000e\000\040\000o\000f\000\040\000A\000g\000e\000n\000c\000y}{section.2}% 5
\BOOKMARK [2][-]{subsection.2.2}{\376\377\0002\000.\0002\000\040\000C\000o\000n\000t\000r\000o\000l\000l\000i\000n\000g\000\040\000A\000c\000t\000u\000a\000t\000e\000d\000\040\000H\000a\000p\000t\000i\000c\000\040\000E\000x\000p\000e\000r\000i\000e\000n\000c\000e\000s}{section.2}% 6
\BOOKMARK [2][-]{subsection.2.3}{\376\377\0002\000.\0003\000\040\000C\000o\000n\000t\000r\000o\000l\000l\000i\000n\000g\000\040\000A\000c\000t\000u\000a\000t\000e\000d\000\040\000H\000a\000p\000t\000i\000c\000\040\000E\000x\000p\000e\000r\000i\000e\000n\000c\000e\000s\000\040\000u\000s\000i\000n\000g\000\040\000B\000r\000a\000i\000n\000\040\000S\000i\000g\000n\000a\000l\000s\000\040\000R\000e\000f\000l\000e\000c\000t\000i\000n\000g\000\040\000t\000h\000e\000\040\000I\000n\000t\000e\000n\000t\000\040\000t\000o\000\040\000\050\000I\000n\000t\000e\000r\000-\000\051\000a\000c\000t}{section.2}% 7
\BOOKMARK [1][-]{section.3}{\376\377\0003\000\040\000U\000s\000e\000r\000\040\000s\000t\000u\000d\000y\000\040\000\046\000\040\000M\000e\000t\000h\000o\000d\000s}{}% 8
\BOOKMARK [2][-]{subsection.3.1}{\376\377\0003\000.\0001\000\040\000P\000a\000r\000t\000i\000c\000i\000p\000a\000n\000t\000s}{section.3}% 9
\BOOKMARK [2][-]{subsection.3.2}{\376\377\0003\000.\0002\000\040\000A\000p\000p\000a\000r\000a\000t\000u\000s}{section.3}% 10
\BOOKMARK [2][-]{subsection.3.3}{\376\377\0003\000.\0003\000\040\000E\000x\000p\000e\000r\000i\000m\000e\000n\000t\000a\000l\000\040\000T\000a\000s\000k\000,\000\040\000D\000e\000s\000i\000g\000n\000\040\000a\000n\000d\000\040\000P\000r\000o\000c\000e\000d\000u\000r\000e}{section.3}% 11
\BOOKMARK [2][-]{subsection.3.4}{\376\377\0003\000.\0004\000\040\000B\000r\000a\000i\000n\000-\000C\000o\000m\000p\000u\000t\000e\000r\000\040\000I\000n\000t\000e\000r\000f\000a\000c\000e}{section.3}% 12
\BOOKMARK [2][-]{subsection.3.5}{\376\377\0003\000.\0005\000\040\000M\000e\000a\000s\000u\000r\000e\000s\000\040\000o\000f\000\040\000A\000g\000e\000n\000c\000y\000\040\000E\000x\000p\000e\000r\000i\000e\000n\000c\000e\000:\000\040\000I\000n\000t\000e\000n\000t\000i\000o\000n\000a\000l\000\040\000B\000i\000n\000d\000i\000n\000g\000,\000\040\000Q\000u\000e\000s\000t\000i\000o\000n\000\040\000\046\000\040\000I\000n\000t\000e\000r\000v\000i\000e\000w}{section.3}% 13
\BOOKMARK [2][-]{subsection.3.6}{\376\377\0003\000.\0006\000\040\000S\000t\000a\000t\000i\000s\000t\000i\000c\000a\000l\000\040\000A\000n\000a\000l\000y\000s\000e\000s}{section.3}% 14
\BOOKMARK [1][-]{section.4}{\376\377\0004\000\040\000R\000e\000s\000u\000l\000t\000s}{}% 15
\BOOKMARK [2][-]{subsection.4.1}{\376\377\0004\000.\0001\000\040\000C\000l\000a\000s\000s\000i\000f\000i\000e\000r\000\040\000P\000e\000r\000f\000o\000r\000m\000a\000n\000c\000e}{section.4}% 16
\BOOKMARK [2][-]{subsection.4.2}{\376\377\0004\000.\0002\000\040\000S\000u\000b\000j\000e\000c\000t\000i\000v\000e\000\040\000R\000e\000p\000o\000r\000t\000s}{section.4}% 17
\BOOKMARK [1][-]{section.5}{\376\377\0005\000\040\000D\000i\000s\000c\000u\000s\000s\000i\000o\000n}{}% 18
\BOOKMARK [2][-]{subsection.5.1}{\376\377\0005\000.\0001\000\040\000L\000i\000m\000i\000t\000a\000t\000i\000o\000n\000s}{section.5}% 19
\BOOKMARK [1][-]{section.6}{\376\377\0006\000\040\000C\000o\000n\000c\000l\000u\000s\000i\000o\000n\000s}{}% 20
\BOOKMARK [1][-]{section*.9}{\376\377\000R\000e\000f\000e\000r\000e\000n\000c\000e\000s}{}% 21
